<?xml version="1.0" encoding="UTF-8"?>
<testsuite xmlns:xsi="http://www.w3.org/2001/XMLSchema-instance" xsi:noNamespaceSchemaLocation="https://maven.apache.org/surefire/maven-surefire-plugin/xsd/surefire-test-report.xsd" name="com.example.calculator.demo.DemoApplicationTests" time="1.943" tests="1" errors="0" skipped="0" failures="0">
  <properties>
    <property name="gopherProxySet" value="false"/>
    <property name="awt.toolkit" value="sun.lwawt.macosx.LWCToolkit"/>
    <property name="java.specification.version" value="11"/>
    <property name="sun.cpu.isalist" value=""/>
    <property name="sun.jnu.encoding" value="UTF-8"/>
    <property name="java.class.path" value="/Users/pkarki10/Documents/simplilearn/RestCalculator/target/test-classes:/Users/pkarki10/Documents/simplilearn/RestCalculator/target/classes:/Users/pkarki10/.m2/repo1/m3-3.6.3/org/springframework/boot/spring-boot-starter-web/2.6.3/spring-boot-starter-web-2.6.3.jar:/Users/pkarki10/.m2/repo1/m3-3.6.3/org/springframework/boot/spring-boot-starter/2.6.3/spring-boot-starter-2.6.3.jar:/Users/pkarki10/.m2/repo1/m3-3.6.3/org/springframework/boot/spring-boot-starter-logging/2.6.3/spring-boot-starter-logging-2.6.3.jar:/Users/pkarki10/.m2/repo1/m3-3.6.3/ch/qos/logback/logback-classic/1.2.10/logback-classic-1.2.10.jar:/Users/pkarki10/.m2/repo1/m3-3.6.3/ch/qos/logback/logback-core/1.2.10/logback-core-1.2.10.jar:/Users/pkarki10/.m2/repo1/m3-3.6.3/org/apache/logging/log4j/log4j-to-slf4j/2.17.1/log4j-to-slf4j-2.17.1.jar:/Users/pkarki10/.m2/repo1/m3-3.6.3/org/apache/logging/log4j/log4j-api/2.17.1/log4j-api-2.17.1.jar:/Users/pkarki10/.m2/repo1/m3-3.6.3/org/slf4j/jul-to-slf4j/1.7.33/jul-to-slf4j-1.7.33.jar:/Users/pkarki10/.m2/repo1/m3-3.6.3/jakarta/annotation/jakarta.annotation-api/1.3.5/jakarta.annotation-api-1.3.5.jar:/Users/pkarki10/.m2/repo1/m3-3.6.3/org/yaml/snakeyaml/1.29/snakeyaml-1.29.jar:/Users/pkarki10/.m2/repo1/m3-3.6.3/org/springframework/boot/spring-boot-starter-json/2.6.3/spring-boot-starter-json-2.6.3.jar:/Users/pkarki10/.m2/repo1/m3-3.6.3/com/fasterxml/jackson/core/jackson-databind/2.13.1/jackson-databind-2.13.1.jar:/Users/pkarki10/.m2/repo1/m3-3.6.3/com/fasterxml/jackson/core/jackson-annotations/2.13.1/jackson-annotations-2.13.1.jar:/Users/pkarki10/.m2/repo1/m3-3.6.3/com/fasterxml/jackson/core/jackson-core/2.13.1/jackson-core-2.13.1.jar:/Users/pkarki10/.m2/repo1/m3-3.6.3/com/fasterxml/jackson/datatype/jackson-datatype-jdk8/2.13.1/jackson-datatype-jdk8-2.13.1.jar:/Users/pkarki10/.m2/repo1/m3-3.6.3/com/fasterxml/jackson/datatype/jackson-datatype-jsr310/2.13.1/jackson-datatype-jsr310-2.13.1.jar:/Users/pkarki10/.m2/repo1/m3-3.6.3/com/fasterxml/jackson/module/jackson-module-parameter-names/2.13.1/jackson-module-parameter-names-2.13.1.jar:/Users/pkarki10/.m2/repo1/m3-3.6.3/org/springframework/boot/spring-boot-starter-tomcat/2.6.3/spring-boot-starter-tomcat-2.6.3.jar:/Users/pkarki10/.m2/repo1/m3-3.6.3/org/apache/tomcat/embed/tomcat-embed-core/9.0.56/tomcat-embed-core-9.0.56.jar:/Users/pkarki10/.m2/repo1/m3-3.6.3/org/apache/tomcat/embed/tomcat-embed-el/9.0.56/tomcat-embed-el-9.0.56.jar:/Users/pkarki10/.m2/repo1/m3-3.6.3/org/apache/tomcat/embed/tomcat-embed-websocket/9.0.56/tomcat-embed-websocket-9.0.56.jar:/Users/pkarki10/.m2/repo1/m3-3.6.3/org/springframework/spring-web/5.3.15/spring-web-5.3.15.jar:/Users/pkarki10/.m2/repo1/m3-3.6.3/org/springframework/spring-beans/5.3.15/spring-beans-5.3.15.jar:/Users/pkarki10/.m2/repo1/m3-3.6.3/org/springframework/spring-webmvc/5.3.15/spring-webmvc-5.3.15.jar:/Users/pkarki10/.m2/repo1/m3-3.6.3/org/springframework/spring-aop/5.3.15/spring-aop-5.3.15.jar:/Users/pkarki10/.m2/repo1/m3-3.6.3/org/springframework/spring-context/5.3.15/spring-context-5.3.15.jar:/Users/pkarki10/.m2/repo1/m3-3.6.3/org/springframework/spring-expression/5.3.15/spring-expression-5.3.15.jar:/Users/pkarki10/.m2/repo1/m3-3.6.3/org/springframework/boot/spring-boot-devtools/2.6.3/spring-boot-devtools-2.6.3.jar:/Users/pkarki10/.m2/repo1/m3-3.6.3/org/springframework/boot/spring-boot/2.6.3/spring-boot-2.6.3.jar:/Users/pkarki10/.m2/repo1/m3-3.6.3/org/springframework/boot/spring-boot-autoconfigure/2.6.3/spring-boot-autoconfigure-2.6.3.jar:/Users/pkarki10/.m2/repo1/m3-3.6.3/org/projectlombok/lombok/1.18.22/lombok-1.18.22.jar:/Users/pkarki10/.m2/repo1/m3-3.6.3/org/springframework/boot/spring-boot-starter-test/2.6.3/spring-boot-starter-test-2.6.3.jar:/Users/pkarki10/.m2/repo1/m3-3.6.3/org/springframework/boot/spring-boot-test/2.6.3/spring-boot-test-2.6.3.jar:/Users/pkarki10/.m2/repo1/m3-3.6.3/org/springframework/boot/spring-boot-test-autoconfigure/2.6.3/spring-boot-test-autoconfigure-2.6.3.jar:/Users/pkarki10/.m2/repo1/m3-3.6.3/com/jayway/jsonpath/json-path/2.6.0/json-path-2.6.0.jar:/Users/pkarki10/.m2/repo1/m3-3.6.3/net/minidev/json-smart/2.4.7/json-smart-2.4.7.jar:/Users/pkarki10/.m2/repo1/m3-3.6.3/net/minidev/accessors-smart/2.4.7/accessors-smart-2.4.7.jar:/Users/pkarki10/.m2/repo1/m3-3.6.3/org/ow2/asm/asm/9.1/asm-9.1.jar:/Users/pkarki10/.m2/repo1/m3-3.6.3/org/slf4j/slf4j-api/1.7.33/slf4j-api-1.7.33.jar:/Users/pkarki10/.m2/repo1/m3-3.6.3/jakarta/xml/bind/jakarta.xml.bind-api/2.3.3/jakarta.xml.bind-api-2.3.3.jar:/Users/pkarki10/.m2/repo1/m3-3.6.3/jakarta/activation/jakarta.activation-api/1.2.2/jakarta.activation-api-1.2.2.jar:/Users/pkarki10/.m2/repo1/m3-3.6.3/org/assertj/assertj-core/3.21.0/assertj-core-3.21.0.jar:/Users/pkarki10/.m2/repo1/m3-3.6.3/org/hamcrest/hamcrest/2.2/hamcrest-2.2.jar:/Users/pkarki10/.m2/repo1/m3-3.6.3/org/junit/jupiter/junit-jupiter/5.8.2/junit-jupiter-5.8.2.jar:/Users/pkarki10/.m2/repo1/m3-3.6.3/org/junit/jupiter/junit-jupiter-api/5.8.2/junit-jupiter-api-5.8.2.jar:/Users/pkarki10/.m2/repo1/m3-3.6.3/org/opentest4j/opentest4j/1.2.0/opentest4j-1.2.0.jar:/Users/pkarki10/.m2/repo1/m3-3.6.3/org/junit/platform/junit-platform-commons/1.8.2/junit-platform-commons-1.8.2.jar:/Users/pkarki10/.m2/repo1/m3-3.6.3/org/apiguardian/apiguardian-api/1.1.2/apiguardian-api-1.1.2.jar:/Users/pkarki10/.m2/repo1/m3-3.6.3/org/junit/jupiter/junit-jupiter-params/5.8.2/junit-jupiter-params-5.8.2.jar:/Users/pkarki10/.m2/repo1/m3-3.6.3/org/junit/jupiter/junit-jupiter-engine/5.8.2/junit-jupiter-engine-5.8.2.jar:/Users/pkarki10/.m2/repo1/m3-3.6.3/org/junit/platform/junit-platform-engine/1.8.2/junit-platform-engine-1.8.2.jar:/Users/pkarki10/.m2/repo1/m3-3.6.3/org/mockito/mockito-core/4.0.0/mockito-core-4.0.0.jar:/Users/pkarki10/.m2/repo1/m3-3.6.3/net/bytebuddy/byte-buddy/1.11.22/byte-buddy-1.11.22.jar:/Users/pkarki10/.m2/repo1/m3-3.6.3/net/bytebuddy/byte-buddy-agent/1.11.22/byte-buddy-agent-1.11.22.jar:/Users/pkarki10/.m2/repo1/m3-3.6.3/org/objenesis/objenesis/3.2/objenesis-3.2.jar:/Users/pkarki10/.m2/repo1/m3-3.6.3/org/mockito/mockito-junit-jupiter/4.0.0/mockito-junit-jupiter-4.0.0.jar:/Users/pkarki10/.m2/repo1/m3-3.6.3/org/skyscreamer/jsonassert/1.5.0/jsonassert-1.5.0.jar:/Users/pkarki10/.m2/repo1/m3-3.6.3/com/vaadin/external/google/android-json/0.0.20131108.vaadin1/android-json-0.0.20131108.vaadin1.jar:/Users/pkarki10/.m2/repo1/m3-3.6.3/org/springframework/spring-core/5.3.15/spring-core-5.3.15.jar:/Users/pkarki10/.m2/repo1/m3-3.6.3/org/springframework/spring-jcl/5.3.15/spring-jcl-5.3.15.jar:/Users/pkarki10/.m2/repo1/m3-3.6.3/org/springframework/spring-test/5.3.15/spring-test-5.3.15.jar:/Users/pkarki10/.m2/repo1/m3-3.6.3/org/xmlunit/xmlunit-core/2.8.4/xmlunit-core-2.8.4.jar:"/>
    <property name="java.vm.vendor" value="AdoptOpenJDK"/>
    <property name="sun.arch.data.model" value="64"/>
    <property name="java.vendor.url" value="https://adoptopenjdk.net/"/>
    <property name="user.timezone" value=""/>
    <property name="java.vm.specification.version" value="11"/>
    <property name="os.name" value="Mac OS X"/>
    <property name="sun.java.launcher" value="SUN_STANDARD"/>
    <property name="user.country" value="IN"/>
    <property name="sun.boot.library.path" value="/Library/Java/JavaVirtualMachines/adoptopenjdk-11.jdk/Contents/Home/lib"/>
    <property name="sun.java.command" value="/Users/pkarki10/Documents/simplilearn/RestCalculator/target/surefire/surefirebooter7525653919392746391.jar /Users/pkarki10/Documents/simplilearn/RestCalculator/target/surefire 2022-02-02T22-28-20_867-jvmRun1 surefire15930652529731245449tmp surefire_016150743441858154981tmp"/>
    <property name="jdk.debug" value="release"/>
    <property name="surefire.test.class.path" value="/Users/pkarki10/Documents/simplilearn/RestCalculator/target/test-classes:/Users/pkarki10/Documents/simplilearn/RestCalculator/target/classes:/Users/pkarki10/.m2/repo1/m3-3.6.3/org/springframework/boot/spring-boot-starter-web/2.6.3/spring-boot-starter-web-2.6.3.jar:/Users/pkarki10/.m2/repo1/m3-3.6.3/org/springframework/boot/spring-boot-starter/2.6.3/spring-boot-starter-2.6.3.jar:/Users/pkarki10/.m2/repo1/m3-3.6.3/org/springframework/boot/spring-boot-starter-logging/2.6.3/spring-boot-starter-logging-2.6.3.jar:/Users/pkarki10/.m2/repo1/m3-3.6.3/ch/qos/logback/logback-classic/1.2.10/logback-classic-1.2.10.jar:/Users/pkarki10/.m2/repo1/m3-3.6.3/ch/qos/logback/logback-core/1.2.10/logback-core-1.2.10.jar:/Users/pkarki10/.m2/repo1/m3-3.6.3/org/apache/logging/log4j/log4j-to-slf4j/2.17.1/log4j-to-slf4j-2.17.1.jar:/Users/pkarki10/.m2/repo1/m3-3.6.3/org/apache/logging/log4j/log4j-api/2.17.1/log4j-api-2.17.1.jar:/Users/pkarki10/.m2/repo1/m3-3.6.3/org/slf4j/jul-to-slf4j/1.7.33/jul-to-slf4j-1.7.33.jar:/Users/pkarki10/.m2/repo1/m3-3.6.3/jakarta/annotation/jakarta.annotation-api/1.3.5/jakarta.annotation-api-1.3.5.jar:/Users/pkarki10/.m2/repo1/m3-3.6.3/org/yaml/snakeyaml/1.29/snakeyaml-1.29.jar:/Users/pkarki10/.m2/repo1/m3-3.6.3/org/springframework/boot/spring-boot-starter-json/2.6.3/spring-boot-starter-json-2.6.3.jar:/Users/pkarki10/.m2/repo1/m3-3.6.3/com/fasterxml/jackson/core/jackson-databind/2.13.1/jackson-databind-2.13.1.jar:/Users/pkarki10/.m2/repo1/m3-3.6.3/com/fasterxml/jackson/core/jackson-annotations/2.13.1/jackson-annotations-2.13.1.jar:/Users/pkarki10/.m2/repo1/m3-3.6.3/com/fasterxml/jackson/core/jackson-core/2.13.1/jackson-core-2.13.1.jar:/Users/pkarki10/.m2/repo1/m3-3.6.3/com/fasterxml/jackson/datatype/jackson-datatype-jdk8/2.13.1/jackson-datatype-jdk8-2.13.1.jar:/Users/pkarki10/.m2/repo1/m3-3.6.3/com/fasterxml/jackson/datatype/jackson-datatype-jsr310/2.13.1/jackson-datatype-jsr310-2.13.1.jar:/Users/pkarki10/.m2/repo1/m3-3.6.3/com/fasterxml/jackson/module/jackson-module-parameter-names/2.13.1/jackson-module-parameter-names-2.13.1.jar:/Users/pkarki10/.m2/repo1/m3-3.6.3/org/springframework/boot/spring-boot-starter-tomcat/2.6.3/spring-boot-starter-tomcat-2.6.3.jar:/Users/pkarki10/.m2/repo1/m3-3.6.3/org/apache/tomcat/embed/tomcat-embed-core/9.0.56/tomcat-embed-core-9.0.56.jar:/Users/pkarki10/.m2/repo1/m3-3.6.3/org/apache/tomcat/embed/tomcat-embed-el/9.0.56/tomcat-embed-el-9.0.56.jar:/Users/pkarki10/.m2/repo1/m3-3.6.3/org/apache/tomcat/embed/tomcat-embed-websocket/9.0.56/tomcat-embed-websocket-9.0.56.jar:/Users/pkarki10/.m2/repo1/m3-3.6.3/org/springframework/spring-web/5.3.15/spring-web-5.3.15.jar:/Users/pkarki10/.m2/repo1/m3-3.6.3/org/springframework/spring-beans/5.3.15/spring-beans-5.3.15.jar:/Users/pkarki10/.m2/repo1/m3-3.6.3/org/springframework/spring-webmvc/5.3.15/spring-webmvc-5.3.15.jar:/Users/pkarki10/.m2/repo1/m3-3.6.3/org/springframework/spring-aop/5.3.15/spring-aop-5.3.15.jar:/Users/pkarki10/.m2/repo1/m3-3.6.3/org/springframework/spring-context/5.3.15/spring-context-5.3.15.jar:/Users/pkarki10/.m2/repo1/m3-3.6.3/org/springframework/spring-expression/5.3.15/spring-expression-5.3.15.jar:/Users/pkarki10/.m2/repo1/m3-3.6.3/org/springframework/boot/spring-boot-devtools/2.6.3/spring-boot-devtools-2.6.3.jar:/Users/pkarki10/.m2/repo1/m3-3.6.3/org/springframework/boot/spring-boot/2.6.3/spring-boot-2.6.3.jar:/Users/pkarki10/.m2/repo1/m3-3.6.3/org/springframework/boot/spring-boot-autoconfigure/2.6.3/spring-boot-autoconfigure-2.6.3.jar:/Users/pkarki10/.m2/repo1/m3-3.6.3/org/projectlombok/lombok/1.18.22/lombok-1.18.22.jar:/Users/pkarki10/.m2/repo1/m3-3.6.3/org/springframework/boot/spring-boot-starter-test/2.6.3/spring-boot-starter-test-2.6.3.jar:/Users/pkarki10/.m2/repo1/m3-3.6.3/org/springframework/boot/spring-boot-test/2.6.3/spring-boot-test-2.6.3.jar:/Users/pkarki10/.m2/repo1/m3-3.6.3/org/springframework/boot/spring-boot-test-autoconfigure/2.6.3/spring-boot-test-autoconfigure-2.6.3.jar:/Users/pkarki10/.m2/repo1/m3-3.6.3/com/jayway/jsonpath/json-path/2.6.0/json-path-2.6.0.jar:/Users/pkarki10/.m2/repo1/m3-3.6.3/net/minidev/json-smart/2.4.7/json-smart-2.4.7.jar:/Users/pkarki10/.m2/repo1/m3-3.6.3/net/minidev/accessors-smart/2.4.7/accessors-smart-2.4.7.jar:/Users/pkarki10/.m2/repo1/m3-3.6.3/org/ow2/asm/asm/9.1/asm-9.1.jar:/Users/pkarki10/.m2/repo1/m3-3.6.3/org/slf4j/slf4j-api/1.7.33/slf4j-api-1.7.33.jar:/Users/pkarki10/.m2/repo1/m3-3.6.3/jakarta/xml/bind/jakarta.xml.bind-api/2.3.3/jakarta.xml.bind-api-2.3.3.jar:/Users/pkarki10/.m2/repo1/m3-3.6.3/jakarta/activation/jakarta.activation-api/1.2.2/jakarta.activation-api-1.2.2.jar:/Users/pkarki10/.m2/repo1/m3-3.6.3/org/assertj/assertj-core/3.21.0/assertj-core-3.21.0.jar:/Users/pkarki10/.m2/repo1/m3-3.6.3/org/hamcrest/hamcrest/2.2/hamcrest-2.2.jar:/Users/pkarki10/.m2/repo1/m3-3.6.3/org/junit/jupiter/junit-jupiter/5.8.2/junit-jupiter-5.8.2.jar:/Users/pkarki10/.m2/repo1/m3-3.6.3/org/junit/jupiter/junit-jupiter-api/5.8.2/junit-jupiter-api-5.8.2.jar:/Users/pkarki10/.m2/repo1/m3-3.6.3/org/opentest4j/opentest4j/1.2.0/opentest4j-1.2.0.jar:/Users/pkarki10/.m2/repo1/m3-3.6.3/org/junit/platform/junit-platform-commons/1.8.2/junit-platform-commons-1.8.2.jar:/Users/pkarki10/.m2/repo1/m3-3.6.3/org/apiguardian/apiguardian-api/1.1.2/apiguardian-api-1.1.2.jar:/Users/pkarki10/.m2/repo1/m3-3.6.3/org/junit/jupiter/junit-jupiter-params/5.8.2/junit-jupiter-params-5.8.2.jar:/Users/pkarki10/.m2/repo1/m3-3.6.3/org/junit/jupiter/junit-jupiter-engine/5.8.2/junit-jupiter-engine-5.8.2.jar:/Users/pkarki10/.m2/repo1/m3-3.6.3/org/junit/platform/junit-platform-engine/1.8.2/junit-platform-engine-1.8.2.jar:/Users/pkarki10/.m2/repo1/m3-3.6.3/org/mockito/mockito-core/4.0.0/mockito-core-4.0.0.jar:/Users/pkarki10/.m2/repo1/m3-3.6.3/net/bytebuddy/byte-buddy/1.11.22/byte-buddy-1.11.22.jar:/Users/pkarki10/.m2/repo1/m3-3.6.3/net/bytebuddy/byte-buddy-agent/1.11.22/byte-buddy-agent-1.11.22.jar:/Users/pkarki10/.m2/repo1/m3-3.6.3/org/objenesis/objenesis/3.2/objenesis-3.2.jar:/Users/pkarki10/.m2/repo1/m3-3.6.3/org/mockito/mockito-junit-jupiter/4.0.0/mockito-junit-jupiter-4.0.0.jar:/Users/pkarki10/.m2/repo1/m3-3.6.3/org/skyscreamer/jsonassert/1.5.0/jsonassert-1.5.0.jar:/Users/pkarki10/.m2/repo1/m3-3.6.3/com/vaadin/external/google/android-json/0.0.20131108.vaadin1/android-json-0.0.20131108.vaadin1.jar:/Users/pkarki10/.m2/repo1/m3-3.6.3/org/springframework/spring-core/5.3.15/spring-core-5.3.15.jar:/Users/pkarki10/.m2/repo1/m3-3.6.3/org/springframework/spring-jcl/5.3.15/spring-jcl-5.3.15.jar:/Users/pkarki10/.m2/repo1/m3-3.6.3/org/springframework/spring-test/5.3.15/spring-test-5.3.15.jar:/Users/pkarki10/.m2/repo1/m3-3.6.3/org/xmlunit/xmlunit-core/2.8.4/xmlunit-core-2.8.4.jar:"/>
    <property name="sun.cpu.endian" value="little"/>
    <property name="user.home" value="/Users/pkarki10"/>
    <property name="user.language" value="en"/>
    <property name="java.specification.vendor" value="Oracle Corporation"/>
    <property name="java.version.date" value="2021-04-20"/>
    <property name="java.home" value="/Library/Java/JavaVirtualMachines/adoptopenjdk-11.jdk/Contents/Home"/>
    <property name="file.separator" value="/"/>
    <property name="basedir" value="/Users/pkarki10/Documents/simplilearn/RestCalculator"/>
    <property name="java.vm.compressedOopsMode" value="Zero based"/>
    <property name="line.separator" value="&#10;"/>
    <property name="java.specification.name" value="Java Platform API Specification"/>
    <property name="java.vm.specification.vendor" value="Oracle Corporation"/>
    <property name="java.awt.graphicsenv" value="sun.awt.CGraphicsEnvironment"/>
    <property name="surefire.real.class.path" value="/Users/pkarki10/Documents/simplilearn/RestCalculator/target/surefire/surefirebooter7525653919392746391.jar"/>
    <property name="sun.management.compiler" value="HotSpot 64-Bit Tiered Compilers"/>
    <property name="java.runtime.version" value="11.0.11+9"/>
    <property name="user.name" value="pkarki10"/>
    <property name="path.separator" value=":"/>
    <property name="os.version" value="11.2"/>
    <property name="java.runtime.name" value="OpenJDK Runtime Environment"/>
    <property name="file.encoding" value="US-ASCII"/>
    <property name="java.vm.name" value="OpenJDK 64-Bit Server VM"/>
    <property name="java.vendor.version" value="AdoptOpenJDK-11.0.11+9"/>
    <property name="localRepository" value="/Users/pkarki10/.m2/repo1/m3-3.6.3"/>
    <property name="java.vendor.url.bug" value="https://github.com/AdoptOpenJDK/openjdk-support/issues"/>
    <property name="java.io.tmpdir" value="/var/folders/tq/78q9w4fj5814ky69_27lhpws_wx2x7/T/"/>
    <property name="java.version" value="11.0.11"/>
    <property name="user.dir" value="/Users/pkarki10/Documents/simplilearn/RestCalculator"/>
    <property name="os.arch" value="x86_64"/>
    <property name="java.vm.specification.name" value="Java Virtual Machine Specification"/>
    <property name="java.awt.printerjob" value="sun.lwawt.macosx.CPrinterJob"/>
    <property name="sun.os.patch.level" value="unknown"/>
    <property name="java.library.path" value="/Users/pkarki10/Library/Java/Extensions:/Library/Java/Extensions:/Network/Library/Java/Extensions:/System/Library/Java/Extensions:/usr/lib/java:."/>
    <property name="java.vm.info" value="mixed mode"/>
    <property name="java.vendor" value="AdoptOpenJDK"/>
    <property name="java.vm.version" value="11.0.11+9"/>
    <property name="sun.io.unicode.encoding" value="UnicodeBig"/>
    <property name="java.class.version" value="55.0"/>
  </properties>
  <testcase name="contextLoads" classname="com.example.calculator.demo.DemoApplicationTests" time="0.298"/>
</testsuite>